2023-07-02 13:30:02,660 INFO  [Log] ** 
2023-07-02 13:30:02,661 INFO  [Log] ** 
2023-07-02 13:30:02,662 INFO  [Log] $$$$$$$$$$$$$$$$$$$$$                 My batch 16 test case starts here       $$$$$$$$$$$$$$$$$$$$$$$$$ 
2023-07-02 13:30:02,662 INFO  [Log] ** 
2023-07-02 13:30:02,662 INFO  [Log] **

2023-07-02 13:37:26,957 INFO  [Log] ** 
2023-07-02 13:37:26,957 INFO  [Log] ** 
2023-07-02 13:37:26,958 INFO  [Log] $$$$$$$$$$$$$$$$$$$$$My batch 16 test case starts here$$$$$$$$$$$$$$$$$$$$$$$$$ 
2023-07-02 13:37:26,958 INFO  [Log] my userName has been entered 
2023-07-02 13:37:26,959 INFO  [Log] my password has been entered 
2023-07-02 14:00:26,592 INFO  [Log] ** 
2023-07-02 14:00:26,592 INFO  [Log] ** 
2023-07-02 14:00:26,594 INFO  [Log] $$$$$$$$$$$$$$$$$$$$$My batch 16 test case starts here$$$$$$$$$$$$$$$$$$$$$$$$$ 
2023-07-02 14:00:26,595 INFO  [Log] my userName has been entered 
2023-07-02 14:00:26,595 INFO  [Log] my password has been entered 
2023-07-02 14:13:52,502 INFO  [Log] ** 
2023-07-02 14:13:52,502 INFO  [Log] ** 
2023-07-02 14:13:52,504 INFO  [Log] $$$$$$$$$$$$$$$$$$$$$My batch 16 test case starts here$$$$$$$$$$$$$$$$$$$$$$$$$ 
2023-07-02 14:13:52,505 INFO  [Log] my userName has been entered 
2023-07-02 14:13:52,505 INFO  [Log] my password has been entered 
